2024-05-14 19:30:10 - INFO - reached money route
2024-05-14 20:23:24 - INFO - conneting to the db
2024-05-14 20:24:23 - INFO - connecting to the db
2024-05-14 20:24:58 - INFO - connecting to the db
2024-05-14 20:25:16 - INFO - connecting to the db
2024-05-14 20:25:16 - INFO - connected to the db
2024-05-14 20:25:46 - INFO - connecting to the db
2024-05-14 20:25:46 - INFO - connected to the db
2024-05-14 20:34:10 - INFO - connecting to the db
2024-05-14 20:35:10 - INFO - connecting to the db
2024-05-14 20:35:24 - INFO - connecting to the db
2024-05-14 20:37:06 - INFO - connecting to the db
2024-05-14 20:38:08 - INFO - connecting to the db
2024-05-14 20:39:13 - INFO - connecting to the db
2024-05-14 20:39:13 - INFO - connected to the db
2024-05-14 20:39:25 - INFO - connecting to the db
2024-05-14 20:39:25 - INFO - connected to the db
2024-05-14 20:39:34 - INFO - connecting to the db
2024-05-14 20:39:34 - INFO - connected to the db
2024-05-14 20:39:38 - INFO - connecting to the db
2024-05-14 20:39:38 - INFO - connected to the db
2024-05-14 20:41:34 - INFO - connecting to the db
2024-05-14 20:41:34 - INFO - connected to the db
2024-05-14 20:42:18 - INFO - connecting to the db
2024-05-14 20:42:18 - INFO - connected to the db
2024-05-14 20:42:23 - INFO - connecting to the db
2024-05-14 20:42:30 - INFO - connecting to the db
2024-05-14 20:42:30 - INFO - connected to the db
2024-05-14 20:44:29 - INFO - connecting to the db
2024-05-14 20:44:29 - INFO - connected to the db
2024-05-14 20:44:53 - INFO - connecting to the db
2024-05-14 20:44:53 - INFO - connected to the db
2024-05-14 20:45:03 - INFO - connecting to the db
2024-05-14 20:45:03 - INFO - connected to the db
2024-05-14 20:46:12 - INFO - reached money route
2024-05-14 20:46:22 - INFO - connecting to the db
2024-05-14 20:46:22 - INFO - connected to the db
2024-05-14 20:46:25 - INFO - connecting to the db
2024-05-14 20:46:25 - INFO - connected to the db
2024-05-14 20:46:27 - INFO - reached money route
2024-05-14 20:47:25 - INFO - connecting to the db
2024-05-14 20:47:25 - INFO - connected to the db
2024-05-14 20:47:27 - INFO - reached money route
2024-05-14 20:47:53 - INFO - connecting to the db
2024-05-14 20:47:53 - INFO - connected to the db
2024-05-14 20:47:55 - INFO - reached money route
2024-05-14 20:47:59 - INFO - connecting to the db
2024-05-14 20:47:59 - INFO - connected to the db
2024-05-14 20:48:11 - INFO - connecting to the db
2024-05-14 20:48:11 - INFO - connected to the db
2024-05-14 20:48:13 - INFO - reached money route
2024-05-14 20:48:21 - INFO - connecting to the db
2024-05-14 20:48:21 - INFO - connected to the db
2024-05-14 20:48:35 - INFO - connecting to the db
2024-05-14 20:48:35 - INFO - connected to the db
2024-05-14 20:48:41 - INFO - reached money route
2024-05-14 20:48:50 - INFO - connecting to the db
2024-05-14 20:48:50 - INFO - connected to the db
2024-05-14 20:48:51 - INFO - reached money route
2024-05-14 20:49:52 - INFO - connecting to the db
2024-05-14 20:49:52 - INFO - connected to the db
2024-05-14 20:49:54 - INFO - reached money route
2024-05-14 20:50:24 - INFO - connecting to the db
2024-05-14 20:50:24 - INFO - connected to the db
2024-05-14 20:50:26 - INFO - reached money route
2024-05-14 20:50:31 - INFO - connecting to the db
2024-05-14 20:50:31 - INFO - connected to the db
2024-05-14 20:51:54 - INFO - connecting to the db
2024-05-14 20:51:54 - INFO - connected to the db
2024-05-14 20:51:56 - INFO - reached money route
2024-05-14 20:52:22 - INFO - connecting to the db
2024-05-14 20:52:22 - INFO - connected to the db
2024-05-14 20:52:25 - INFO - reached money route
2024-05-14 20:53:24 - INFO - connecting to the db
2024-05-14 20:53:42 - INFO - connecting to the db
2024-05-14 21:24:56 - INFO - connecting to the db
2024-05-14 21:24:59 - INFO - connected to the db
2024-05-14 21:25:08 - INFO - reached money route
2024-05-14 21:25:31 - INFO - connecting to the db
2024-05-14 21:25:31 - INFO - connected to the db
2024-05-14 21:25:36 - INFO - reached money route
2024-05-14 21:25:38 - INFO - reached money route
2024-05-15 18:36:12 - INFO - connecting to the db
2024-05-15 18:36:12 - INFO - connected to the db
2024-05-15 18:39:13 - INFO - connecting to the db
2024-05-15 18:42:20 - INFO - connecting to the db
2024-05-15 18:42:20 - INFO - connected to the db
2024-05-15 19:12:28 - INFO - connecting to the db
2024-05-15 19:12:28 - INFO - connected to the db
2024-05-15 19:13:03 - INFO - reached money route
2024-05-15 19:16:10 - INFO - reached money route
2024-05-15 19:16:46 - INFO - connecting to the db
2024-05-15 19:16:46 - INFO - connected to the db
2024-05-15 19:16:53 - INFO - reached money route
2024-05-15 19:17:02 - INFO - connecting to the db
2024-05-15 19:17:02 - INFO - connected to the db
2024-05-15 19:17:07 - INFO - reached money route
2024-05-15 19:18:13 - INFO - connecting to the db
2024-05-15 19:18:13 - INFO - connected to the db
2024-05-15 19:18:18 - INFO - reached money route
2024-05-15 19:22:38 - INFO - connecting to the db
2024-05-15 19:22:38 - INFO - connected to the db
2024-05-15 19:24:36 - INFO - connecting to the db
2024-05-15 19:24:36 - INFO - connected to the db
2024-05-15 19:26:58 - INFO - connecting to the db
2024-05-15 19:26:58 - INFO - connected to the db
2024-05-15 19:35:42 - INFO - connecting to the db
2024-05-15 19:35:42 - INFO - connected to the db
2024-05-15 19:35:52 - INFO - connecting to the db
2024-05-15 19:35:52 - INFO - connected to the db
2024-05-15 19:39:00 - INFO - connecting to the db
2024-05-15 19:39:00 - INFO - connected to the db
2024-05-15 19:39:23 - INFO - connecting to the db
2024-05-15 19:39:23 - INFO - connected to the db
2024-05-15 19:39:56 - INFO - connecting to the db
2024-05-15 19:39:56 - INFO - connected to the db
2024-05-15 19:40:02 - INFO - connecting to the db
2024-05-15 19:40:02 - INFO - connected to the db
2024-05-15 19:40:17 - INFO - connecting to the db
2024-05-15 19:40:18 - INFO - connected to the db
2024-05-15 19:41:03 - INFO - connecting to the db
2024-05-15 19:41:03 - INFO - connected to the db
2024-05-15 19:41:24 - INFO - connecting to the db
2024-05-15 19:41:24 - INFO - connected to the db
2024-05-15 19:42:18 - INFO - connecting to the db
2024-05-15 19:42:18 - INFO - connected to the db
2024-05-15 19:43:18 - INFO - connecting to the db
2024-05-15 19:43:18 - INFO - connected to the db
2024-05-15 19:43:45 - INFO - connecting to the db
2024-05-15 19:43:45 - INFO - connected to the db
2024-05-15 19:44:32 - INFO - connecting to the db
2024-05-15 19:44:32 - INFO - connected to the db
2024-05-15 19:44:35 - INFO - reached money route
2024-05-15 19:45:29 - INFO - connecting to the db
2024-05-15 19:45:29 - INFO - connected to the db
2024-05-15 19:46:15 - INFO - connecting to the db
2024-05-15 19:46:15 - INFO - connected to the db
2024-05-15 19:47:19 - INFO - connecting to the db
2024-05-15 19:47:19 - INFO - connected to the db
2024-05-15 19:47:44 - INFO - connecting to the db
2024-05-15 19:47:45 - INFO - connected to the db
2024-05-15 19:49:04 - INFO - reached money route
2024-05-15 19:49:47 - INFO - connecting to the db
2024-05-15 19:49:48 - INFO - connected to the db
2024-05-15 19:49:51 - INFO - reached money route
2024-05-15 19:50:13 - INFO - connecting to the db
2024-05-15 19:50:13 - INFO - connected to the db
2024-05-15 19:50:16 - INFO - reached money route
2024-05-15 19:50:16 - INFO - reached send_money service
2024-05-15 19:50:34 - INFO - connecting to the db
2024-05-15 19:50:34 - INFO - connected to the db
2024-05-15 19:50:36 - INFO - reached money route
2024-05-15 19:50:36 - INFO - reached send_money service
2024-05-15 19:51:51 - INFO - connecting to the db
2024-05-15 19:51:51 - INFO - connected to the db
2024-05-15 19:51:53 - INFO - reached money route
2024-05-15 19:51:53 - INFO - reached send_money service
2024-05-15 19:52:24 - INFO - connecting to the db
2024-05-15 19:52:24 - INFO - connected to the db
2024-05-15 19:52:25 - INFO - reached money route
2024-05-15 19:52:25 - INFO - reached send_money service
2024-05-15 19:53:01 - INFO - connecting to the db
2024-05-15 19:53:01 - INFO - connected to the db
2024-05-15 19:53:28 - INFO - connecting to the db
2024-05-15 19:53:28 - INFO - connected to the db
2024-05-15 19:58:20 - INFO - connecting to the db
2024-05-15 19:58:21 - INFO - connected to the db
2024-05-15 20:05:22 - INFO - connecting to the db
2024-05-15 20:05:22 - INFO - connected to the db
2024-05-15 20:05:30 - INFO - connecting to the db
2024-05-15 20:05:30 - INFO - connected to the db
2024-05-15 20:05:36 - INFO - connecting to the db
2024-05-15 20:05:37 - INFO - connected to the db
2024-05-15 20:05:53 - INFO - connecting to the db
2024-05-15 20:05:53 - INFO - connected to the db
2024-05-15 20:06:01 - INFO - connecting to the db
2024-05-15 20:06:02 - INFO - connected to the db
2024-05-15 20:08:54 - INFO - connecting to the db
2024-05-15 20:08:54 - INFO - connected to the db
2024-05-15 20:09:38 - INFO - connecting to the db
2024-05-15 20:09:38 - INFO - connected to the db
2024-05-15 20:09:40 - INFO - reached money route
2024-05-15 20:09:40 - INFO - reached send_money service
2024-05-15 20:09:40 - INFO - <class 'list'>
2024-05-15 20:09:45 - INFO - connecting to the db
2024-05-15 20:09:45 - INFO - connected to the db
2024-05-15 20:09:46 - INFO - reached money route
2024-05-15 20:09:46 - INFO - reached send_money service
2024-05-15 20:09:46 - INFO - <class 'asyncpg.Record'>
2024-05-15 20:11:46 - INFO - connecting to the db
2024-05-15 20:11:46 - INFO - connected to the db
2024-05-15 20:11:47 - INFO - reached money route
2024-05-15 20:11:47 - INFO - reached send_money service
2024-05-15 20:12:01 - INFO - connecting to the db
2024-05-15 20:12:06 - INFO - connected to the db
2024-05-15 20:12:06 - INFO - reached money route
2024-05-15 20:12:06 - INFO - reached send_money service
2024-05-15 20:12:25 - INFO - connecting to the db
2024-05-15 20:12:25 - INFO - connected to the db
2024-05-15 20:12:27 - INFO - reached money route
2024-05-15 20:12:27 - INFO - reached send_money service
2024-05-15 20:12:50 - INFO - connecting to the db
2024-05-15 20:12:50 - INFO - connected to the db
2024-05-15 20:12:51 - INFO - reached money route
2024-05-15 20:12:51 - INFO - reached send_money service
2024-05-15 20:12:59 - INFO - connecting to the db
2024-05-15 20:13:00 - INFO - connected to the db
2024-05-15 20:13:01 - INFO - reached money route
2024-05-15 20:13:01 - INFO - reached send_money service
2024-05-15 20:13:08 - INFO - reached money route
2024-05-15 20:13:08 - INFO - reached send_money service
2024-05-15 20:13:12 - INFO - connecting to the db
2024-05-15 20:13:12 - INFO - connected to the db
2024-05-15 20:13:14 - INFO - connecting to the db
2024-05-15 20:13:15 - INFO - connected to the db
2024-05-15 20:13:15 - INFO - connecting to the db
2024-05-15 20:13:15 - INFO - connected to the db
2024-05-15 20:13:16 - INFO - reached money route
2024-05-15 20:13:16 - INFO - reached send_money service
2024-05-15 20:13:30 - INFO - connecting to the db
2024-05-15 20:13:30 - INFO - connected to the db
2024-05-15 20:13:33 - INFO - reached money route
2024-05-15 20:13:33 - INFO - reached send_money service
2024-05-15 20:13:33 - INFO - <class 'asyncpg.Record'>
2024-05-15 20:14:03 - INFO - connecting to the db
2024-05-15 20:14:04 - INFO - connected to the db
2024-05-15 20:14:04 - INFO - reached money route
2024-05-15 20:14:04 - INFO - reached send_money service
2024-05-15 20:14:51 - INFO - connecting to the db
2024-05-15 20:14:51 - INFO - connected to the db
2024-05-15 20:14:53 - INFO - reached money route
2024-05-15 20:14:53 - INFO - reached send_money service
2024-05-15 20:14:53 - INFO - <class 'dict'>
2024-05-15 20:15:15 - INFO - connecting to the db
2024-05-15 20:15:15 - INFO - connected to the db
2024-05-15 20:15:18 - INFO - reached money route
2024-05-15 20:15:18 - INFO - reached send_money service
2024-05-15 20:15:41 - INFO - connecting to the db
2024-05-15 20:15:42 - INFO - connected to the db
2024-05-15 20:15:43 - INFO - reached money route
2024-05-15 20:15:43 - INFO - reached send_money service
2024-05-15 20:21:48 - INFO - connecting to the db
2024-05-15 20:21:48 - INFO - connected to the db
2024-05-15 20:22:13 - INFO - connecting to the db
2024-05-15 20:22:13 - INFO - connected to the db
2024-05-15 20:22:38 - INFO - connecting to the db
2024-05-15 20:22:38 - INFO - connected to the db
2024-05-15 20:22:56 - INFO - connecting to the db
2024-05-15 20:22:57 - INFO - connected to the db
2024-05-15 20:23:09 - INFO - connecting to the db
2024-05-15 20:23:10 - INFO - connected to the db
2024-05-15 20:23:29 - INFO - connecting to the db
2024-05-15 20:23:29 - INFO - connected to the db
2024-05-15 20:23:36 - INFO - connecting to the db
2024-05-15 20:23:36 - INFO - connected to the db
2024-05-15 20:23:49 - INFO - reached money route
2024-05-15 20:23:49 - INFO - reached send_money service
2024-05-15 20:24:09 - INFO - connecting to the db
2024-05-15 20:24:09 - INFO - connected to the db
2024-05-15 20:24:14 - INFO - reached money route
2024-05-15 20:24:14 - INFO - reached send_money service
2024-05-15 20:25:35 - INFO - connecting to the db
2024-05-15 20:25:35 - INFO - connected to the db
2024-05-15 20:25:39 - INFO - connecting to the db
2024-05-15 20:25:39 - INFO - connected to the db
2024-05-15 20:27:22 - INFO - connecting to the db
2024-05-15 20:27:22 - INFO - connected to the db
2024-05-15 20:27:24 - INFO - reached money route
2024-05-15 20:27:24 - INFO - reached send_money service
2024-05-15 20:27:33 - INFO - connecting to the db
2024-05-15 20:27:33 - INFO - connected to the db
2024-05-15 20:27:35 - INFO - reached money route
2024-05-15 20:27:35 - INFO - reached send_money service
2024-05-15 20:28:13 - INFO - connecting to the db
2024-05-15 20:28:13 - INFO - connected to the db
2024-05-15 20:28:14 - INFO - reached money route
2024-05-15 20:28:14 - INFO - reached send_money service
2024-05-15 20:30:44 - INFO - connecting to the db
2024-05-15 20:30:44 - INFO - connected to the db
2024-05-15 20:30:46 - INFO - reached money route
2024-05-15 20:30:46 - INFO - reached send_money service
2024-05-15 20:33:49 - INFO - connecting to the db
2024-05-15 20:33:49 - INFO - connected to the db
2024-05-15 20:34:01 - INFO - reached money route
2024-05-15 20:34:01 - INFO - reached send_money service
2024-05-15 20:35:02 - INFO - connecting to the db
2024-05-15 20:35:03 - INFO - connected to the db
2024-05-15 20:35:07 - INFO - reached money route
2024-05-15 20:35:07 - INFO - reached send_money service
2024-05-15 20:35:56 - INFO - connecting to the db
2024-05-15 20:35:56 - INFO - connected to the db
2024-05-15 20:35:57 - INFO - reached money route
2024-05-15 20:35:57 - INFO - reached send_money service
2024-05-15 20:36:14 - INFO - connecting to the db
2024-05-15 20:36:14 - INFO - connected to the db
2024-05-15 20:36:15 - INFO - reached money route
2024-05-15 20:36:15 - INFO - reached send_money service
2024-05-15 20:36:15 - ERROR - Transaction failed: 'coroutine' object has no attribute 'execute_many'
2024-05-15 20:36:58 - INFO - connecting to the db
2024-05-15 20:36:59 - INFO - connected to the db
2024-05-15 20:37:13 - INFO - connecting to the db
2024-05-15 20:37:13 - INFO - connected to the db
2024-05-15 20:37:43 - INFO - connecting to the db
2024-05-15 20:37:43 - INFO - connected to the db
2024-05-15 20:37:59 - INFO - connecting to the db
2024-05-15 20:37:59 - INFO - connected to the db
2024-05-15 20:39:17 - INFO - connecting to the db
2024-05-15 20:39:17 - INFO - connected to the db
2024-05-15 20:40:04 - INFO - connecting to the db
2024-05-15 20:40:04 - INFO - connected to the db
2024-05-15 20:40:39 - INFO - connecting to the db
2024-05-15 20:40:39 - INFO - connected to the db
2024-05-15 20:40:56 - INFO - connecting to the db
2024-05-15 20:40:56 - INFO - connected to the db
2024-05-15 20:41:38 - INFO - connecting to the db
2024-05-15 20:41:38 - INFO - connected to the db
2024-05-15 20:41:40 - INFO - connecting to the db
2024-05-15 20:41:40 - INFO - connected to the db
2024-05-15 20:41:42 - INFO - connecting to the db
2024-05-15 20:41:42 - INFO - connected to the db
2024-05-15 20:42:48 - INFO - connecting to the db
2024-05-15 20:42:48 - INFO - connected to the db
2024-05-15 20:43:25 - INFO - connecting to the db
2024-05-15 20:43:26 - INFO - connected to the db
2024-05-15 20:43:30 - INFO - connecting to the db
2024-05-15 20:43:30 - INFO - connected to the db
2024-05-15 20:43:55 - INFO - connecting to the db
2024-05-15 20:43:55 - INFO - connected to the db
2024-05-15 20:43:56 - INFO - reached user route
2024-05-15 20:43:56 - INFO - reached user route
2024-05-15 20:43:56 - INFO - reached user route
2024-05-15 20:43:56 - INFO - reached user route
2024-05-15 20:43:56 - INFO - reached user route
2024-05-15 20:43:56 - INFO - reached user route
2024-05-15 20:43:56 - INFO - reached user route
2024-05-15 20:43:56 - INFO - reached user route
2024-05-15 20:43:56 - INFO - reached user route
2024-05-15 20:43:56 - INFO - reached user route
2024-05-15 20:43:56 - INFO - reached user route
2024-05-15 20:43:56 - INFO - reached user route
2024-05-15 20:43:56 - INFO - reached user route
2024-05-15 20:43:56 - INFO - reached user route
2024-05-15 20:43:56 - INFO - reached user route
2024-05-15 20:43:56 - INFO - reached user route
2024-05-15 20:43:56 - INFO - reached user route
2024-05-15 20:43:56 - INFO - reached user route
2024-05-15 20:43:56 - INFO - reached user route
2024-05-15 20:43:56 - INFO - reached user route
2024-05-15 20:43:56 - INFO - reached user route
2024-05-15 20:43:56 - INFO - reached user route
2024-05-15 20:43:56 - INFO - reached user route
2024-05-15 20:43:56 - INFO - reached user route
2024-05-15 20:43:56 - INFO - reached user route
2024-05-15 20:43:56 - INFO - reached user route
2024-05-15 20:43:56 - INFO - reached user route
2024-05-15 20:43:56 - INFO - reached user route
2024-05-15 20:43:56 - INFO - reached user route
2024-05-15 20:43:56 - INFO - reached user route
2024-05-15 20:43:56 - INFO - reached user route
2024-05-15 20:43:56 - INFO - reached user route
2024-05-15 20:43:56 - INFO - reached user route
2024-05-15 20:43:56 - INFO - reached user route
2024-05-15 20:43:56 - INFO - reached user route
2024-05-15 20:43:56 - INFO - reached user route
2024-05-15 20:43:56 - INFO - reached user route
2024-05-15 20:43:56 - INFO - reached user route
2024-05-15 20:43:56 - INFO - reached user route
2024-05-15 20:43:56 - INFO - reached user route
2024-05-15 20:43:56 - INFO - reached user route
2024-05-15 20:43:56 - INFO - reached user route
2024-05-15 20:43:56 - INFO - reached user route
2024-05-15 20:43:56 - INFO - reached user route
2024-05-15 20:43:56 - INFO - reached user route
2024-05-15 20:43:56 - INFO - reached user route
2024-05-15 20:43:56 - INFO - reached user route
2024-05-15 20:43:56 - INFO - reached user route
2024-05-15 20:43:56 - INFO - reached user route
2024-05-15 20:43:56 - INFO - reached user route
2024-05-15 20:43:56 - INFO - reached user route
2024-05-15 20:43:56 - INFO - reached user route
2024-05-15 20:43:56 - INFO - reached user route
2024-05-15 20:43:56 - INFO - reached user route
2024-05-15 20:43:56 - INFO - reached user route
2024-05-15 20:43:56 - INFO - reached user route
2024-05-15 20:43:56 - INFO - reached user route
2024-05-15 20:43:56 - INFO - reached user route
2024-05-15 20:43:56 - INFO - reached user route
2024-05-15 20:43:56 - INFO - reached user route
2024-05-15 20:43:56 - INFO - reached user route
2024-05-15 20:43:56 - INFO - reached user route
2024-05-15 20:43:56 - INFO - reached user route
2024-05-15 20:43:56 - INFO - reached user route
2024-05-15 20:43:56 - INFO - reached user route
2024-05-15 20:43:56 - INFO - reached user route
2024-05-15 20:43:56 - INFO - reached user route
2024-05-15 20:43:56 - INFO - reached user route
2024-05-15 20:43:56 - INFO - reached user route
2024-05-15 20:43:56 - INFO - reached user route
2024-05-15 20:43:56 - INFO - reached user route
2024-05-15 20:43:56 - INFO - reached user route
2024-05-15 20:43:56 - INFO - reached user route
2024-05-15 20:43:56 - INFO - reached user route
2024-05-15 20:43:56 - INFO - reached user route
2024-05-15 20:43:56 - INFO - reached user route
2024-05-15 20:43:56 - INFO - reached user route
2024-05-15 20:43:56 - INFO - reached user route
2024-05-15 20:43:56 - INFO - reached user route
2024-05-15 20:43:56 - INFO - reached user route
2024-05-15 20:43:56 - INFO - reached user route
2024-05-15 20:43:56 - INFO - reached user route
2024-05-15 20:43:56 - INFO - reached user route
2024-05-15 20:43:56 - INFO - reached user route
2024-05-15 20:43:56 - INFO - reached user route
2024-05-15 20:43:56 - INFO - reached user route
2024-05-15 20:43:56 - INFO - reached user route
2024-05-15 20:43:56 - INFO - reached user route
2024-05-15 20:43:56 - INFO - reached user route
2024-05-15 20:43:56 - INFO - reached user route
2024-05-15 20:43:56 - INFO - reached user route
2024-05-15 20:43:56 - INFO - reached user route
2024-05-15 20:43:56 - INFO - reached user route
2024-05-15 20:43:56 - INFO - reached user route
2024-05-15 20:43:56 - INFO - reached user route
2024-05-15 20:43:56 - INFO - reached user route
2024-05-15 20:43:56 - INFO - reached user route
2024-05-15 20:43:56 - INFO - reached user route
2024-05-15 20:43:56 - INFO - reached user route
2024-05-15 20:43:56 - INFO - reached user route
2024-05-15 20:43:56 - INFO - reached user route
2024-05-15 20:43:56 - INFO - reached user route
2024-05-15 20:43:56 - INFO - reached user route
2024-05-15 20:43:56 - INFO - reached user route
2024-05-15 20:43:56 - INFO - reached user route
2024-05-15 20:43:56 - INFO - reached user route
2024-05-15 20:43:56 - INFO - reached user route
2024-05-15 20:43:56 - INFO - reached user route
2024-05-15 20:43:56 - INFO - reached user route
2024-05-15 20:43:56 - INFO - reached user route
2024-05-15 20:43:56 - INFO - reached user route
2024-05-15 20:43:56 - INFO - reached user route
2024-05-15 20:43:56 - INFO - reached user route
2024-05-15 20:43:56 - INFO - reached user route
2024-05-15 20:43:56 - INFO - reached user route
2024-05-15 20:43:56 - INFO - reached user route
2024-05-15 20:43:56 - INFO - reached user route
2024-05-15 20:43:56 - INFO - reached user route
2024-05-15 20:43:56 - INFO - reached user route
2024-05-15 20:43:56 - INFO - reached user route
2024-05-15 20:43:56 - INFO - reached user route
2024-05-15 20:43:56 - INFO - reached user route
2024-05-15 20:43:56 - INFO - reached user route
2024-05-15 20:43:56 - INFO - reached user route
2024-05-15 20:43:56 - INFO - reached user route
2024-05-15 20:43:56 - INFO - reached user route
2024-05-15 20:43:56 - INFO - reached user route
2024-05-15 20:43:56 - INFO - reached user route
2024-05-15 20:43:56 - INFO - reached user route
2024-05-15 20:43:56 - INFO - reached user route
2024-05-15 20:43:56 - INFO - reached user route
2024-05-15 20:43:56 - INFO - reached user route
2024-05-15 20:43:56 - INFO - reached user route
2024-05-15 20:43:56 - INFO - reached user route
2024-05-15 20:43:56 - INFO - reached user route
2024-05-15 20:43:56 - INFO - reached user route
2024-05-15 20:43:56 - INFO - reached user route
2024-05-15 20:43:56 - INFO - reached user route
2024-05-15 20:43:56 - INFO - reached user route
2024-05-15 20:43:56 - INFO - reached user route
2024-05-15 20:43:56 - INFO - reached user route
2024-05-15 20:43:56 - INFO - reached user route
2024-05-15 20:43:56 - INFO - reached user route
2024-05-15 20:43:56 - INFO - reached user route
2024-05-15 20:43:56 - INFO - reached user route
2024-05-15 20:43:56 - INFO - reached user route
2024-05-15 20:43:56 - INFO - reached user route
2024-05-15 20:43:56 - INFO - reached user route
2024-05-15 20:43:56 - INFO - reached user route
2024-05-15 20:43:56 - INFO - reached user route
2024-05-15 20:43:56 - INFO - reached user route
2024-05-15 20:43:56 - INFO - reached user route
2024-05-15 20:43:56 - INFO - reached user route
2024-05-15 20:43:56 - INFO - reached user route
2024-05-15 20:43:56 - INFO - reached user route
2024-05-15 20:43:56 - INFO - reached user route
2024-05-15 20:43:56 - INFO - reached user route
2024-05-15 20:43:56 - INFO - reached user route
2024-05-15 20:43:56 - INFO - reached user route
2024-05-15 20:43:56 - INFO - reached user route
2024-05-15 20:43:56 - INFO - reached user route
2024-05-15 20:43:56 - INFO - reached user route
2024-05-15 20:43:56 - INFO - reached user route
2024-05-15 20:43:56 - INFO - reached user route
2024-05-15 20:43:56 - INFO - reached user route
2024-05-15 20:43:56 - INFO - reached user route
2024-05-15 20:43:56 - INFO - reached user route
2024-05-15 20:43:56 - INFO - reached user route
2024-05-15 20:43:56 - INFO - reached user route
2024-05-15 20:43:56 - INFO - reached user route
2024-05-15 20:43:56 - INFO - reached user route
2024-05-15 20:43:56 - INFO - reached user route
2024-05-15 20:43:56 - INFO - reached user route
2024-05-15 20:43:56 - INFO - reached user route
2024-05-15 20:43:56 - INFO - reached user route
2024-05-15 20:43:56 - INFO - reached user route
2024-05-15 20:43:56 - INFO - reached user route
2024-05-15 20:43:56 - INFO - reached user route
2024-05-15 20:43:56 - INFO - reached user route
2024-05-15 20:43:56 - INFO - reached user route
2024-05-15 20:43:56 - INFO - reached user route
2024-05-15 20:43:56 - INFO - reached user route
2024-05-15 20:43:56 - INFO - reached user route
2024-05-15 20:43:56 - INFO - reached user route
2024-05-15 20:43:56 - INFO - reached user route
2024-05-15 20:43:56 - INFO - reached user route
2024-05-15 20:43:56 - INFO - reached user route
2024-05-15 20:43:56 - INFO - reached user route
2024-05-15 20:43:56 - INFO - reached user route
2024-05-15 20:43:56 - INFO - reached user route
2024-05-15 20:43:56 - INFO - reached user route
2024-05-15 20:43:56 - INFO - reached user route
2024-05-15 20:43:56 - INFO - reached user route
2024-05-15 20:43:56 - INFO - reached user route
2024-05-15 20:43:56 - INFO - reached user route
2024-05-15 20:43:56 - INFO - reached user route
2024-05-15 20:43:56 - INFO - reached user route
2024-05-15 20:43:56 - INFO - reached user route
2024-05-15 20:43:56 - INFO - reached user route
2024-05-15 20:43:56 - INFO - reached user route
2024-05-15 20:43:56 - INFO - reached user route
2024-05-15 20:43:56 - INFO - reached user route
2024-05-15 20:43:56 - INFO - reached user route
2024-05-15 20:43:56 - INFO - reached user route
2024-05-15 20:43:56 - INFO - reached user route
2024-05-15 20:43:56 - INFO - reached user route
2024-05-15 20:43:56 - INFO - reached user route
2024-05-15 20:43:56 - INFO - reached user route
2024-05-15 20:43:56 - INFO - reached user route
2024-05-15 20:43:56 - INFO - reached user route
2024-05-15 20:43:56 - INFO - reached user route
2024-05-15 20:43:56 - INFO - reached user route
2024-05-15 20:43:56 - INFO - reached user route
2024-05-15 20:43:56 - INFO - reached user route
2024-05-15 20:43:56 - INFO - reached user route
2024-05-15 20:43:56 - INFO - reached user route
2024-05-15 20:43:56 - INFO - reached user route
2024-05-15 20:43:56 - INFO - reached user route
2024-05-15 20:43:56 - INFO - reached user route
2024-05-15 20:43:56 - INFO - reached user route
2024-05-15 20:43:56 - INFO - reached user route
2024-05-15 20:43:56 - INFO - reached user route
2024-05-15 20:43:56 - INFO - reached user route
2024-05-15 20:43:56 - INFO - reached user route
2024-05-15 20:43:56 - INFO - reached user route
2024-05-15 20:43:56 - INFO - reached user route
2024-05-15 20:43:56 - INFO - reached user route
2024-05-15 20:43:56 - INFO - reached user route
2024-05-15 20:43:56 - INFO - reached user route
2024-05-15 20:43:56 - INFO - reached user route
2024-05-15 20:43:56 - INFO - reached user route
2024-05-15 20:43:56 - INFO - reached user route
2024-05-15 20:43:56 - INFO - reached user route
2024-05-15 20:43:56 - INFO - reached user route
2024-05-15 20:43:56 - INFO - reached user route
2024-05-15 20:43:56 - INFO - reached user route
2024-05-15 20:43:56 - INFO - reached user route
2024-05-15 20:43:56 - INFO - reached user route
2024-05-15 20:43:56 - INFO - reached user route
2024-05-15 20:43:56 - INFO - reached user route
2024-05-15 20:43:56 - INFO - reached user route
2024-05-15 20:43:56 - INFO - reached user route
2024-05-15 20:43:56 - INFO - reached user route
2024-05-15 20:43:56 - INFO - reached user route
2024-05-15 20:43:56 - INFO - reached user route
2024-05-15 20:43:56 - INFO - reached user route
2024-05-15 20:43:56 - INFO - reached user route
2024-05-15 20:43:56 - INFO - reached user route
2024-05-15 20:43:56 - INFO - reached user route
2024-05-15 20:43:56 - INFO - reached user route
2024-05-15 20:43:56 - INFO - reached user route
2024-05-15 20:43:56 - INFO - reached user route
2024-05-15 20:43:56 - INFO - reached user route
2024-05-15 20:43:56 - INFO - reached user route
2024-05-15 20:43:56 - INFO - reached user route
2024-05-15 20:43:56 - INFO - reached user route
2024-05-15 20:43:56 - INFO - reached user route
2024-05-15 20:43:56 - INFO - reached user route
2024-05-15 20:43:56 - INFO - reached user route
2024-05-15 20:43:56 - INFO - reached user route
2024-05-15 20:43:56 - INFO - reached user route
2024-05-15 20:43:56 - INFO - reached user route
2024-05-15 20:43:56 - INFO - reached user route
2024-05-15 20:43:56 - INFO - reached user route
2024-05-15 20:43:56 - INFO - reached user route
2024-05-15 20:43:56 - INFO - reached user route
2024-05-15 20:43:56 - INFO - reached user route
2024-05-15 20:43:56 - INFO - reached user route
2024-05-15 20:43:56 - INFO - reached user route
2024-05-15 20:43:56 - INFO - reached user route
2024-05-15 20:43:56 - INFO - reached user route
2024-05-15 20:43:56 - INFO - reached user route
2024-05-15 20:43:56 - INFO - reached user route
2024-05-15 20:43:56 - INFO - reached user route
2024-05-15 20:43:56 - INFO - reached user route
2024-05-15 20:43:56 - INFO - reached user route
2024-05-15 20:43:56 - INFO - reached user route
2024-05-15 20:43:56 - INFO - reached user route
2024-05-15 20:43:56 - INFO - reached user route
2024-05-15 20:43:56 - INFO - reached user route
2024-05-15 20:43:56 - INFO - reached user route
2024-05-15 20:43:56 - INFO - reached user route
2024-05-15 20:43:56 - INFO - reached user route
2024-05-15 20:43:56 - INFO - reached user route
2024-05-15 20:43:56 - INFO - reached user route
2024-05-15 20:43:56 - INFO - reached user route
2024-05-15 20:43:56 - INFO - reached user route
2024-05-15 20:43:56 - INFO - reached user route
2024-05-15 20:43:56 - INFO - reached user route
2024-05-15 20:43:56 - INFO - reached user route
2024-05-15 20:43:56 - INFO - reached user route
2024-05-15 20:43:56 - INFO - reached user route
2024-05-15 20:43:56 - INFO - reached user route
2024-05-15 20:43:56 - INFO - reached user route
2024-05-15 20:43:56 - INFO - reached user route
2024-05-15 20:43:56 - INFO - reached user route
2024-05-15 20:43:56 - INFO - reached user route
2024-05-15 20:43:56 - INFO - reached user route
2024-05-15 20:43:56 - INFO - reached user route
2024-05-15 20:43:56 - INFO - reached user route
2024-05-15 20:43:56 - INFO - reached user route
2024-05-15 20:43:56 - INFO - reached user route
2024-05-15 20:43:56 - INFO - reached user route
2024-05-15 20:43:56 - INFO - reached user route
2024-05-15 20:43:56 - INFO - reached user route
2024-05-15 20:43:56 - INFO - reached user route
2024-05-15 20:43:56 - INFO - reached user route
2024-05-15 20:43:56 - INFO - reached user route
2024-05-15 20:43:56 - INFO - reached user route
2024-05-15 20:43:56 - INFO - reached user route
2024-05-15 20:43:56 - INFO - reached user route
2024-05-15 20:43:56 - INFO - reached user route
2024-05-15 20:43:56 - INFO - reached user route
2024-05-15 20:43:56 - INFO - reached user route
2024-05-15 20:43:56 - INFO - reached user route
2024-05-15 20:43:56 - INFO - reached user route
2024-05-15 20:43:56 - INFO - reached user route
2024-05-15 20:43:56 - INFO - reached user route
2024-05-15 20:43:56 - INFO - reached user route
2024-05-15 20:43:56 - INFO - reached user route
2024-05-15 20:43:56 - INFO - reached user route
2024-05-15 20:43:56 - INFO - reached user route
2024-05-15 20:43:56 - INFO - reached user route
2024-05-15 20:43:56 - INFO - reached user route
2024-05-15 20:43:56 - INFO - reached user route
2024-05-15 20:43:56 - INFO - reached user route
2024-05-15 20:43:56 - INFO - reached user route
2024-05-15 20:43:56 - INFO - reached user route
2024-05-15 20:43:56 - INFO - reached user route
2024-05-15 20:43:56 - INFO - reached user route
2024-05-15 20:43:56 - INFO - reached user route
2024-05-15 20:43:56 - INFO - reached user route
2024-05-15 20:43:56 - INFO - reached user route
2024-05-15 20:43:56 - INFO - reached user route
2024-05-15 20:43:56 - INFO - reached user route
2024-05-15 20:43:56 - INFO - reached user route
2024-05-15 20:43:56 - INFO - reached user route
2024-05-15 20:43:56 - INFO - reached user route
2024-05-15 20:43:56 - INFO - reached user route
2024-05-15 20:43:56 - INFO - reached user route
2024-05-15 20:43:56 - INFO - reached user route
2024-05-15 20:43:56 - INFO - reached user route
2024-05-15 20:43:56 - INFO - reached user route
2024-05-15 20:43:56 - INFO - reached user route
2024-05-15 20:43:56 - INFO - reached user route
2024-05-15 20:43:56 - INFO - reached user route
2024-05-15 20:43:56 - INFO - reached user route
2024-05-15 20:43:56 - INFO - reached user route
2024-05-15 20:43:56 - INFO - reached user route
2024-05-15 20:43:56 - INFO - reached user route
2024-05-15 20:43:56 - INFO - reached user route
2024-05-15 20:43:56 - INFO - reached user route
2024-05-15 20:43:56 - INFO - reached user route
2024-05-15 20:43:56 - INFO - reached user route
2024-05-15 20:43:56 - INFO - reached user route
2024-05-15 20:43:56 - INFO - reached user route
2024-05-15 20:43:56 - INFO - reached user route
2024-05-15 20:43:56 - INFO - reached user route
2024-05-15 20:43:56 - INFO - reached user route
2024-05-15 20:43:56 - INFO - reached user route
2024-05-15 20:43:56 - INFO - reached user route
2024-05-15 20:43:56 - INFO - reached user route
2024-05-15 20:43:56 - INFO - reached user route
2024-05-15 20:43:56 - INFO - reached user route
2024-05-15 20:43:56 - INFO - reached user route
2024-05-15 20:43:56 - INFO - reached user route
2024-05-15 20:43:56 - INFO - reached user route
2024-05-15 20:43:56 - INFO - reached user route
2024-05-15 20:43:56 - INFO - reached user route
2024-05-15 20:43:56 - INFO - reached user route
2024-05-15 20:43:56 - INFO - reached user route
2024-05-15 20:43:56 - INFO - reached user route
2024-05-15 20:43:56 - INFO - reached user route
2024-05-15 20:43:56 - INFO - reached user route
2024-05-15 20:43:56 - INFO - reached user route
2024-05-15 20:43:56 - INFO - reached user route
2024-05-15 20:43:56 - INFO - reached user route
2024-05-15 20:43:56 - INFO - reached user route
2024-05-15 20:43:56 - INFO - reached user route
2024-05-15 20:43:56 - INFO - reached user route
2024-05-15 20:43:56 - INFO - reached user route
2024-05-15 20:43:56 - INFO - reached user route
2024-05-15 20:43:56 - INFO - reached user route
2024-05-15 20:43:56 - INFO - reached user route
2024-05-15 20:43:56 - INFO - reached user route
2024-05-15 20:43:56 - INFO - reached user route
2024-05-15 20:43:56 - INFO - reached user route
2024-05-15 20:43:56 - INFO - reached user route
2024-05-15 20:43:56 - INFO - reached user route
2024-05-15 20:43:56 - INFO - reached user route
2024-05-15 20:43:56 - INFO - reached user route
2024-05-15 20:43:56 - INFO - reached user route
2024-05-15 20:43:56 - INFO - reached user route
2024-05-15 20:43:56 - INFO - reached user route
2024-05-15 20:43:56 - INFO - reached user route
2024-05-15 20:43:56 - INFO - reached user route
2024-05-15 20:43:56 - INFO - reached user route
2024-05-15 20:43:56 - INFO - reached user route
2024-05-15 20:43:56 - INFO - reached user route
2024-05-15 20:43:56 - INFO - reached user route
2024-05-15 20:43:56 - INFO - reached user route
2024-05-15 20:43:56 - INFO - reached user route
2024-05-15 20:43:56 - INFO - reached user route
2024-05-15 20:43:56 - INFO - reached user route
2024-05-15 20:43:56 - INFO - reached user route
2024-05-15 20:43:56 - INFO - reached user route
2024-05-15 20:43:56 - INFO - reached user route
2024-05-15 20:43:56 - INFO - reached user route
2024-05-15 20:43:56 - INFO - reached user route
2024-05-15 20:43:56 - INFO - reached user route
2024-05-15 20:43:56 - INFO - reached user route
2024-05-15 20:43:56 - INFO - reached user route
2024-05-15 20:43:56 - INFO - reached user route
2024-05-15 20:43:56 - INFO - reached user route
2024-05-15 20:43:56 - INFO - reached user route
2024-05-15 20:43:56 - INFO - reached user route
2024-05-15 20:43:56 - INFO - reached user route
2024-05-15 20:43:56 - INFO - reached user route
2024-05-15 20:43:56 - INFO - reached user route
2024-05-15 20:43:56 - INFO - reached user route
2024-05-15 20:43:56 - INFO - reached user route
2024-05-15 20:43:56 - INFO - reached user route
2024-05-15 20:43:56 - INFO - reached user route
2024-05-15 20:43:56 - INFO - reached user route
2024-05-15 20:43:56 - INFO - reached user route
2024-05-15 20:43:56 - INFO - reached user route
2024-05-15 20:43:56 - INFO - reached user route
2024-05-15 20:43:56 - INFO - reached user route
2024-05-15 20:43:56 - INFO - reached user route
2024-05-15 20:43:56 - INFO - reached user route
2024-05-15 20:43:56 - INFO - reached user route
2024-05-15 20:43:56 - INFO - reached user route
2024-05-15 20:43:56 - INFO - reached user route
2024-05-15 20:43:56 - INFO - reached user route
2024-05-15 20:43:56 - INFO - reached user route
2024-05-15 20:43:56 - INFO - reached user route
2024-05-15 20:43:56 - INFO - reached user route
2024-05-15 20:43:56 - INFO - reached user route
2024-05-15 20:43:56 - INFO - reached user route
2024-05-15 20:43:56 - INFO - reached user route
2024-05-15 20:43:56 - INFO - reached user route
2024-05-15 20:43:56 - INFO - reached user route
2024-05-15 20:43:56 - INFO - reached user route
2024-05-15 20:43:56 - INFO - reached user route
2024-05-15 20:43:56 - INFO - reached user route
2024-05-15 20:43:56 - INFO - reached user route
2024-05-15 20:43:56 - INFO - reached user route
2024-05-15 20:43:56 - INFO - reached user route
2024-05-15 20:43:56 - INFO - reached user route
2024-05-15 20:43:56 - INFO - reached user route
2024-05-15 20:43:56 - INFO - reached user route
2024-05-15 20:43:56 - INFO - reached user route
2024-05-15 20:43:56 - INFO - reached user route
2024-05-15 20:43:56 - INFO - reached user route
2024-05-15 20:43:56 - INFO - reached user route
2024-05-15 20:43:56 - INFO - reached user route
2024-05-15 20:43:56 - INFO - reached user route
2024-05-15 20:43:56 - INFO - reached user route
2024-05-15 20:43:56 - INFO - reached user route
2024-05-15 20:43:56 - INFO - reached user route
2024-05-15 20:43:56 - INFO - reached user route
2024-05-15 20:43:56 - INFO - reached user route
2024-05-15 20:43:56 - INFO - reached user route
2024-05-15 20:43:56 - INFO - reached user route
2024-05-15 20:43:56 - INFO - reached user route
2024-05-15 20:43:56 - INFO - reached user route
2024-05-15 20:43:56 - INFO - reached user route
2024-05-15 20:43:56 - INFO - reached user route
2024-05-15 20:43:56 - INFO - reached user route
2024-05-15 20:43:56 - INFO - reached user route
2024-05-15 20:43:56 - INFO - reached user route
2024-05-15 20:43:56 - INFO - reached user route
2024-05-15 20:43:56 - INFO - reached user route
2024-05-15 20:43:56 - INFO - reached user route
2024-05-15 20:43:56 - INFO - reached user route
2024-05-15 20:43:56 - INFO - reached user route
2024-05-15 20:43:56 - INFO - reached user route
2024-05-15 20:43:56 - INFO - reached user route
2024-05-15 20:43:56 - INFO - reached user route
2024-05-15 20:43:56 - INFO - reached user route
2024-05-15 20:43:56 - INFO - reached user route
2024-05-15 20:43:56 - INFO - reached user route
2024-05-15 20:43:56 - INFO - reached user route
2024-05-15 20:43:56 - INFO - reached user route
2024-05-15 20:43:56 - INFO - reached user route
2024-05-15 20:43:56 - INFO - reached user route
2024-05-15 20:43:56 - INFO - reached user route
2024-05-15 20:43:56 - INFO - reached user route
2024-05-15 20:43:56 - INFO - reached user route
2024-05-15 20:43:56 - INFO - reached user route
2024-05-15 20:43:56 - INFO - reached user route
2024-05-15 20:43:56 - INFO - reached user route
2024-05-15 20:43:56 - INFO - reached user route
2024-05-15 20:43:56 - INFO - reached user route
2024-05-15 20:43:56 - INFO - reached user route
2024-05-15 20:43:56 - INFO - reached user route
2024-05-15 20:43:56 - INFO - reached user route
2024-05-15 20:43:56 - INFO - reached user route
2024-05-15 20:43:56 - INFO - reached user route
2024-05-15 20:43:56 - INFO - reached user route
2024-05-15 20:43:56 - INFO - reached user route
2024-05-15 20:43:56 - INFO - reached user route
2024-05-15 20:43:56 - INFO - reached user route
2024-05-15 20:43:56 - INFO - reached user route
2024-05-15 20:43:56 - INFO - reached user route
2024-05-15 20:43:56 - INFO - reached user route
2024-05-15 20:43:56 - INFO - reached user route
2024-05-15 20:43:56 - INFO - reached user route
2024-05-15 20:43:56 - INFO - reached user route
2024-05-15 20:43:56 - INFO - reached user route
2024-05-15 20:43:56 - INFO - reached user route
2024-05-15 20:43:56 - INFO - reached user route
2024-05-15 20:43:56 - INFO - reached user route
2024-05-15 20:43:56 - INFO - reached user route
2024-05-15 20:43:56 - INFO - reached user route
2024-05-15 20:43:56 - INFO - reached user route
2024-05-15 20:43:56 - INFO - reached user route
2024-05-15 20:43:56 - INFO - reached user route
2024-05-15 20:43:56 - INFO - reached user route
2024-05-15 20:43:56 - INFO - reached user route
2024-05-15 20:43:56 - INFO - reached user route
2024-05-15 20:43:56 - INFO - reached user route
2024-05-15 20:43:56 - INFO - reached user route
2024-05-15 20:43:56 - INFO - reached user route
2024-05-15 20:43:56 - INFO - reached user route
2024-05-15 20:43:56 - INFO - reached user route
2024-05-15 20:43:56 - INFO - reached user route
2024-05-15 20:43:56 - INFO - reached user route
2024-05-15 20:43:56 - INFO - reached user route
2024-05-15 20:43:56 - INFO - reached user route
2024-05-15 20:43:56 - INFO - reached user route
2024-05-15 20:43:56 - INFO - reached user route
2024-05-15 20:43:56 - INFO - reached user route
2024-05-15 20:43:56 - INFO - reached user route
2024-05-15 20:43:56 - INFO - reached user route
2024-05-15 20:43:56 - INFO - reached user route
2024-05-15 20:43:56 - INFO - reached user route
2024-05-15 20:43:56 - INFO - reached user route
2024-05-15 20:43:56 - INFO - reached user route
2024-05-15 20:43:56 - INFO - reached user route
2024-05-15 20:43:56 - INFO - reached user route
2024-05-15 20:43:56 - INFO - reached user route
2024-05-15 20:43:56 - INFO - reached user route
2024-05-15 20:43:56 - INFO - reached user route
2024-05-15 20:43:56 - INFO - reached user route
2024-05-15 20:43:56 - INFO - reached user route
2024-05-15 20:43:56 - INFO - reached user route
2024-05-15 20:43:56 - INFO - reached user route
2024-05-15 20:43:56 - INFO - reached user route
2024-05-15 20:43:56 - INFO - reached user route
2024-05-15 20:43:56 - INFO - reached user route
2024-05-15 20:43:56 - INFO - reached user route
2024-05-15 20:43:56 - INFO - reached user route
2024-05-15 20:43:56 - INFO - reached user route
2024-05-15 20:43:56 - INFO - reached user route
2024-05-15 20:43:56 - INFO - reached user route
2024-05-15 20:43:56 - INFO - reached user route
2024-05-15 20:43:56 - INFO - reached user route
2024-05-15 20:43:56 - INFO - reached user route
2024-05-15 20:43:56 - INFO - reached user route
2024-05-15 20:43:56 - INFO - reached user route
2024-05-15 20:43:56 - INFO - reached user route
2024-05-15 20:43:56 - INFO - reached user route
2024-05-15 20:43:56 - INFO - reached user route
2024-05-15 20:43:56 - INFO - reached user route
2024-05-15 20:43:56 - INFO - reached user route
2024-05-15 20:43:56 - INFO - reached user route
2024-05-15 20:43:56 - INFO - reached user route
2024-05-15 20:43:56 - INFO - reached user route
2024-05-15 20:43:56 - INFO - reached user route
2024-05-15 20:43:56 - INFO - reached user route
2024-05-15 20:43:56 - INFO - reached user route
2024-05-15 20:43:56 - INFO - reached user route
2024-05-15 20:43:56 - INFO - reached user route
2024-05-15 20:43:56 - INFO - reached user route
2024-05-15 20:43:56 - INFO - reached user route
2024-05-15 20:43:56 - INFO - reached user route
2024-05-15 20:43:56 - INFO - reached user route
2024-05-15 20:43:56 - INFO - reached user route
2024-05-15 20:43:56 - INFO - reached user route
2024-05-15 20:43:56 - INFO - reached user route
2024-05-15 20:43:56 - INFO - reached user route
2024-05-15 20:43:56 - INFO - reached user route
2024-05-15 20:43:56 - INFO - reached user route
2024-05-15 20:43:56 - INFO - reached user route
2024-05-15 20:43:56 - INFO - reached user route
2024-05-15 20:43:56 - INFO - reached user route
2024-05-15 20:43:56 - INFO - reached user route
2024-05-15 20:43:56 - INFO - reached user route
2024-05-15 20:43:56 - INFO - reached user route
2024-05-15 20:43:56 - INFO - reached user route
2024-05-15 20:43:56 - INFO - reached user route
2024-05-15 20:43:56 - INFO - reached user route
2024-05-15 20:43:56 - INFO - reached user route
2024-05-15 20:43:56 - INFO - reached user route
2024-05-15 20:43:56 - INFO - reached user route
2024-05-15 20:43:56 - INFO - reached user route
2024-05-15 20:43:56 - INFO - reached user route
2024-05-15 20:43:56 - INFO - reached user route
2024-05-15 20:43:56 - INFO - reached user route
2024-05-15 20:43:56 - INFO - reached user route
2024-05-15 20:43:56 - INFO - reached user route
2024-05-15 20:43:56 - INFO - reached user route
2024-05-15 20:43:56 - INFO - reached user route
2024-05-15 20:43:56 - INFO - reached user route
2024-05-15 20:43:56 - INFO - reached user route
2024-05-15 20:43:56 - INFO - reached user route
2024-05-15 20:43:56 - INFO - reached user route
2024-05-15 20:43:56 - INFO - reached user route
2024-05-15 20:43:56 - INFO - reached user route
2024-05-15 20:43:56 - INFO - reached user route
2024-05-15 20:43:56 - INFO - reached user route
2024-05-15 20:43:56 - INFO - reached user route
2024-05-15 20:43:56 - INFO - reached user route
2024-05-15 20:43:56 - INFO - reached user route
2024-05-15 20:43:56 - INFO - reached user route
2024-05-15 20:43:56 - INFO - reached user route
2024-05-15 20:43:56 - INFO - reached user route
2024-05-15 20:43:56 - INFO - reached user route
2024-05-15 20:43:56 - INFO - reached user route
2024-05-15 20:43:56 - INFO - reached user route
2024-05-15 20:43:56 - INFO - reached user route
2024-05-15 20:43:56 - INFO - reached user route
2024-05-15 20:43:56 - INFO - reached user route
2024-05-15 20:43:56 - INFO - reached user route
2024-05-15 20:43:56 - INFO - reached user route
2024-05-15 20:43:56 - INFO - reached user route
2024-05-15 20:43:56 - INFO - reached user route
2024-05-15 20:43:56 - INFO - reached user route
2024-05-15 20:43:56 - INFO - reached user route
2024-05-15 20:43:56 - INFO - reached user route
2024-05-15 20:43:56 - INFO - reached user route
2024-05-15 20:43:56 - INFO - reached user route
2024-05-15 20:43:56 - INFO - reached user route
2024-05-15 20:43:56 - INFO - reached user route
2024-05-15 20:43:56 - INFO - reached user route
2024-05-15 20:43:56 - INFO - reached user route
2024-05-15 20:43:56 - INFO - reached user route
2024-05-15 20:43:56 - INFO - reached user route
2024-05-15 20:43:56 - INFO - reached user route
2024-05-15 20:43:56 - INFO - reached user route
2024-05-15 20:43:56 - INFO - reached user route
2024-05-15 20:43:56 - INFO - reached user route
2024-05-15 20:43:56 - INFO - reached user route
2024-05-15 20:43:56 - INFO - reached user route
2024-05-15 20:43:56 - INFO - reached user route
2024-05-15 20:43:56 - INFO - reached user route
2024-05-15 20:43:56 - INFO - reached user route
2024-05-15 20:43:56 - INFO - reached user route
2024-05-15 20:43:56 - INFO - reached user route
2024-05-15 20:43:56 - INFO - reached user route
2024-05-15 20:43:56 - INFO - reached user route
2024-05-15 20:43:56 - INFO - reached user route
2024-05-15 20:43:56 - INFO - reached user route
2024-05-15 20:43:56 - INFO - reached user route
2024-05-15 20:43:56 - INFO - reached user route
2024-05-15 20:43:56 - INFO - reached user route
2024-05-15 20:43:56 - INFO - reached user route
2024-05-15 20:43:56 - INFO - reached user route
2024-05-15 20:43:56 - INFO - reached user route
2024-05-15 20:43:56 - INFO - reached user route
2024-05-15 20:43:56 - INFO - reached user route
2024-05-15 20:43:56 - INFO - reached user route
2024-05-15 20:43:56 - INFO - reached user route
2024-05-15 20:43:56 - INFO - reached user route
2024-05-15 20:43:56 - INFO - reached user route
2024-05-15 20:43:56 - INFO - reached user route
2024-05-15 20:43:56 - INFO - reached user route
2024-05-15 20:43:56 - INFO - reached user route
2024-05-15 20:43:56 - INFO - reached user route
2024-05-15 20:43:56 - INFO - reached user route
2024-05-15 20:43:56 - INFO - reached user route
2024-05-15 20:43:56 - INFO - reached user route
2024-05-15 20:43:56 - INFO - reached user route
2024-05-15 20:43:56 - INFO - reached user route
2024-05-15 20:43:56 - INFO - reached user route
2024-05-15 20:43:56 - INFO - reached user route
2024-05-15 20:43:56 - INFO - reached user route
2024-05-15 20:43:56 - INFO - reached user route
2024-05-15 20:43:56 - INFO - reached user route
2024-05-15 20:43:56 - INFO - reached user route
2024-05-15 20:43:56 - INFO - reached user route
2024-05-15 20:43:56 - INFO - reached user route
2024-05-15 20:43:56 - INFO - reached user route
2024-05-15 20:43:56 - INFO - reached user route
2024-05-15 20:43:56 - INFO - reached user route
2024-05-15 20:43:56 - INFO - reached user route
2024-05-15 20:43:56 - INFO - reached user route
2024-05-15 20:43:56 - INFO - reached user route
2024-05-15 20:43:56 - INFO - reached user route
2024-05-15 20:43:56 - INFO - reached user route
2024-05-15 20:43:56 - INFO - reached user route
2024-05-15 20:43:56 - INFO - reached user route
2024-05-15 20:43:56 - INFO - reached user route
2024-05-15 20:43:56 - INFO - reached user route
2024-05-15 20:43:56 - INFO - reached user route
2024-05-15 20:43:56 - INFO - reached user route
2024-05-15 20:43:56 - INFO - reached user route
2024-05-15 20:43:56 - INFO - reached user route
2024-05-15 20:43:56 - INFO - reached user route
2024-05-15 20:43:56 - INFO - reached user route
2024-05-15 20:43:56 - INFO - reached user route
2024-05-15 20:43:56 - INFO - reached user route
2024-05-15 20:43:56 - INFO - reached user route
2024-05-15 20:43:56 - INFO - reached user route
2024-05-15 20:43:56 - INFO - reached user route
2024-05-15 20:43:56 - INFO - reached user route
2024-05-15 20:43:56 - INFO - reached user route
2024-05-15 20:43:56 - INFO - reached user route
2024-05-15 20:43:56 - INFO - reached user route
2024-05-15 20:43:56 - INFO - reached user route
2024-05-15 20:43:56 - INFO - reached user route
2024-05-15 20:43:56 - INFO - reached user route
2024-05-15 20:43:56 - INFO - reached user route
2024-05-15 20:43:56 - INFO - reached user route
2024-05-15 20:43:56 - INFO - reached user route
2024-05-15 20:43:56 - INFO - reached user route
2024-05-15 20:43:56 - INFO - reached user route
2024-05-15 20:43:56 - INFO - reached user route
2024-05-15 20:43:56 - INFO - reached user route
2024-05-15 20:43:56 - INFO - reached user route
2024-05-15 20:43:56 - INFO - reached user route
2024-05-15 20:43:56 - INFO - reached user route
2024-05-15 20:43:56 - INFO - reached user route
2024-05-15 20:43:56 - INFO - reached user route
2024-05-15 20:43:56 - INFO - reached user route
2024-05-15 20:43:56 - INFO - reached user route
2024-05-15 20:43:56 - INFO - reached user route
2024-05-15 20:43:56 - INFO - reached user route
2024-05-15 20:43:56 - INFO - reached user route
2024-05-15 20:43:56 - INFO - reached user route
2024-05-15 20:43:56 - INFO - reached user route
2024-05-15 20:43:56 - INFO - reached user route
2024-05-15 20:43:56 - INFO - reached user route
2024-05-15 20:43:56 - INFO - reached user route
2024-05-15 20:43:56 - INFO - reached user route
2024-05-15 20:43:56 - INFO - reached user route
2024-05-15 20:43:56 - INFO - reached user route
2024-05-15 20:43:56 - INFO - reached user route
2024-05-15 20:43:56 - INFO - reached user route
2024-05-15 20:43:56 - INFO - reached user route
2024-05-15 20:43:56 - INFO - reached user route
2024-05-15 20:43:56 - INFO - reached user route
2024-05-15 20:43:56 - INFO - reached user route
2024-05-15 20:43:56 - INFO - reached user route
2024-05-15 20:43:56 - INFO - reached user route
2024-05-15 20:43:56 - INFO - reached user route
2024-05-15 20:43:56 - INFO - reached user route
2024-05-15 20:43:56 - INFO - reached user route
2024-05-15 20:43:56 - INFO - reached user route
2024-05-15 20:43:56 - INFO - reached user route
2024-05-15 20:43:56 - INFO - reached user route
2024-05-15 20:43:56 - INFO - reached user route
2024-05-15 20:43:56 - INFO - reached user route
2024-05-15 20:43:56 - INFO - reached user route
2024-05-15 20:43:56 - INFO - reached user route
2024-05-15 20:43:56 - INFO - reached user route
2024-05-15 20:43:56 - INFO - reached user route
2024-05-15 20:43:56 - INFO - reached user route
2024-05-15 20:43:56 - INFO - reached user route
2024-05-15 20:43:56 - INFO - reached user route
2024-05-15 20:43:56 - INFO - reached user route
2024-05-15 20:43:56 - INFO - reached user route
2024-05-15 20:43:56 - INFO - reached user route
2024-05-15 20:43:56 - INFO - reached user route
2024-05-15 20:43:56 - INFO - reached user route
2024-05-15 20:43:56 - INFO - reached user route
2024-05-15 20:43:56 - INFO - reached user route
2024-05-15 20:43:56 - INFO - reached user route
2024-05-15 20:43:56 - INFO - reached user route
2024-05-15 20:43:56 - INFO - reached user route
2024-05-15 20:43:56 - INFO - reached user route
2024-05-15 20:43:56 - INFO - reached user route
2024-05-15 20:43:56 - INFO - reached user route
2024-05-15 20:43:56 - INFO - reached user route
2024-05-15 20:43:56 - INFO - reached user route
2024-05-15 20:43:56 - INFO - reached user route
2024-05-15 20:43:56 - INFO - reached user route
2024-05-15 20:43:56 - INFO - reached user route
2024-05-15 20:43:56 - INFO - reached user route
2024-05-15 20:43:56 - INFO - reached user route
2024-05-15 20:43:56 - INFO - reached user route
2024-05-15 20:43:56 - INFO - reached user route
2024-05-15 20:43:56 - INFO - reached user route
2024-05-15 20:43:56 - INFO - reached user route
2024-05-15 20:43:56 - INFO - reached user route
2024-05-15 20:43:56 - INFO - reached user route
2024-05-15 20:43:56 - INFO - reached user route
2024-05-15 20:43:56 - INFO - reached user route
2024-05-15 20:43:56 - INFO - reached user route
2024-05-15 20:43:56 - INFO - reached user route
2024-05-15 20:43:56 - INFO - reached user route
2024-05-15 20:43:56 - INFO - reached user route
2024-05-15 20:43:56 - INFO - reached user route
2024-05-15 20:43:56 - INFO - reached user route
2024-05-15 20:43:56 - INFO - reached user route
2024-05-15 20:43:56 - INFO - reached user route
2024-05-15 20:43:56 - INFO - reached user route
2024-05-15 20:43:56 - INFO - reached user route
2024-05-15 20:43:56 - INFO - reached user route
2024-05-15 20:43:56 - INFO - reached user route
2024-05-15 20:43:56 - INFO - reached user route
2024-05-15 20:43:56 - INFO - reached user route
2024-05-15 20:43:56 - INFO - reached user route
2024-05-15 20:43:56 - INFO - reached user route
2024-05-15 20:43:56 - INFO - reached user route
2024-05-15 20:43:56 - INFO - reached user route
2024-05-15 20:43:56 - INFO - reached user route
2024-05-15 20:43:56 - INFO - reached user route
2024-05-15 20:43:56 - INFO - reached user route
2024-05-15 20:43:56 - INFO - reached user route
2024-05-15 20:43:56 - INFO - reached user route
2024-05-15 20:43:56 - INFO - reached user route
2024-05-15 20:43:56 - INFO - reached user route
2024-05-15 20:43:56 - INFO - reached user route
2024-05-15 20:43:56 - INFO - reached user route
2024-05-15 20:43:56 - INFO - reached user route
2024-05-15 20:43:56 - INFO - reached user route
2024-05-15 20:43:56 - INFO - reached user route
2024-05-15 20:43:56 - INFO - reached user route
2024-05-15 20:43:56 - INFO - reached user route
2024-05-15 20:43:56 - INFO - reached user route
2024-05-15 20:43:56 - INFO - reached user route
2024-05-15 20:43:56 - INFO - reached user route
2024-05-15 20:43:56 - INFO - reached user route
2024-05-15 20:43:56 - INFO - reached user route
2024-05-15 20:43:56 - INFO - reached user route
2024-05-15 20:43:56 - INFO - reached user route
2024-05-15 20:43:56 - INFO - reached user route
2024-05-15 20:43:56 - INFO - reached user route
2024-05-15 20:43:56 - INFO - reached user route
2024-05-15 20:43:56 - INFO - reached user route
2024-05-15 20:43:56 - INFO - reached user route
2024-05-15 20:43:56 - INFO - reached user route
2024-05-15 20:43:56 - INFO - reached user route
2024-05-15 20:43:56 - INFO - reached user route
2024-05-15 20:43:56 - INFO - reached user route
2024-05-15 20:43:56 - INFO - reached user route
2024-05-15 20:43:56 - INFO - reached user route
2024-05-15 20:43:56 - INFO - reached user route
2024-05-15 20:43:56 - INFO - reached user route
2024-05-15 20:43:56 - INFO - reached user route
2024-05-15 20:43:56 - INFO - reached user route
2024-05-15 20:43:56 - INFO - reached user route
2024-05-15 20:43:56 - INFO - reached user route
2024-05-15 20:43:56 - INFO - reached user route
2024-05-15 20:43:56 - INFO - reached user route
2024-05-15 20:43:56 - INFO - reached user route
2024-05-15 20:43:56 - INFO - reached user route
2024-05-15 20:43:56 - INFO - reached user route
2024-05-15 20:43:56 - INFO - reached user route
2024-05-15 20:43:56 - INFO - reached user route
2024-05-15 20:43:56 - INFO - reached user route
2024-05-15 20:43:56 - INFO - reached user route
2024-05-15 20:43:56 - INFO - reached user route
2024-05-15 20:43:56 - INFO - reached user route
2024-05-15 20:43:56 - INFO - reached user route
2024-05-15 20:43:56 - INFO - reached user route
2024-05-15 20:43:56 - INFO - reached user route
2024-05-15 20:43:56 - INFO - reached user route
2024-05-15 20:43:56 - INFO - reached user route
2024-05-15 20:43:56 - INFO - reached user route
2024-05-15 20:43:56 - INFO - reached user route
2024-05-15 20:43:56 - INFO - reached user route
2024-05-15 20:43:56 - INFO - reached user route
2024-05-15 20:43:56 - INFO - reached user route
2024-05-15 20:43:56 - INFO - reached user route
2024-05-15 20:43:56 - INFO - reached user route
2024-05-15 20:43:56 - INFO - reached user route
2024-05-15 20:43:56 - INFO - reached user route
2024-05-15 20:43:56 - INFO - reached user route
2024-05-15 20:43:56 - INFO - reached user route
2024-05-15 20:43:56 - INFO - reached user route
2024-05-15 20:43:56 - INFO - reached user route
2024-05-15 20:43:56 - INFO - reached user route
2024-05-15 20:43:56 - INFO - reached user route
2024-05-15 20:43:56 - INFO - reached user route
2024-05-15 20:43:56 - INFO - reached user route
2024-05-15 20:43:56 - INFO - reached user route
2024-05-15 20:43:56 - INFO - reached user route
2024-05-15 20:43:56 - INFO - reached user route
2024-05-15 20:43:56 - INFO - reached user route
2024-05-15 20:43:56 - INFO - reached user route
2024-05-15 20:43:56 - INFO - reached user route
2024-05-15 20:43:56 - INFO - reached user route
2024-05-15 20:43:56 - INFO - reached user route
2024-05-15 20:43:56 - INFO - reached user route
2024-05-15 20:43:56 - INFO - reached user route
2024-05-15 20:43:56 - INFO - reached user route
2024-05-15 20:43:56 - INFO - reached user route
2024-05-15 20:43:56 - INFO - reached user route
2024-05-15 20:43:56 - INFO - reached user route
2024-05-15 20:43:56 - INFO - reached user route
2024-05-15 20:43:56 - INFO - reached user route
2024-05-15 20:43:56 - INFO - reached user route
2024-05-15 20:43:56 - INFO - reached user route
2024-05-15 20:43:56 - INFO - reached user route
2024-05-15 20:43:56 - INFO - reached user route
2024-05-15 20:43:56 - INFO - reached user route
2024-05-15 20:43:56 - INFO - reached user route
2024-05-15 20:43:56 - INFO - reached user route
2024-05-15 20:43:56 - INFO - reached user route
2024-05-15 20:43:56 - INFO - reached user route
2024-05-15 20:43:56 - INFO - reached user route
2024-05-15 20:43:56 - INFO - reached user route
2024-05-15 20:43:56 - INFO - reached user route
2024-05-15 20:43:56 - INFO - reached user route
2024-05-15 20:43:56 - INFO - reached user route
2024-05-15 20:43:56 - INFO - reached user route
2024-05-15 20:43:56 - INFO - reached user route
2024-05-15 20:43:56 - INFO - reached user route
2024-05-15 20:43:56 - INFO - reached user route
2024-05-15 20:43:56 - INFO - reached user route
2024-05-15 20:43:56 - INFO - reached user route
2024-05-15 20:43:56 - INFO - reached user route
2024-05-15 20:43:56 - INFO - reached user route
2024-05-15 20:43:56 - INFO - reached user route
2024-05-15 20:43:56 - INFO - reached user route
2024-05-15 20:43:56 - INFO - reached user route
2024-05-15 20:43:56 - INFO - reached user route
2024-05-15 20:43:56 - INFO - reached user route
2024-05-15 20:43:56 - INFO - reached user route
2024-05-15 20:43:56 - INFO - reached user route
2024-05-15 20:43:56 - INFO - reached user route
2024-05-15 20:43:56 - INFO - reached user route
2024-05-15 20:43:56 - INFO - reached user route
2024-05-15 20:43:56 - INFO - reached user route
2024-05-15 20:43:56 - INFO - reached user route
2024-05-15 20:43:56 - INFO - reached user route
2024-05-15 20:43:56 - INFO - reached user route
2024-05-15 20:43:56 - INFO - reached user route
2024-05-15 20:43:56 - INFO - reached user route
2024-05-15 20:43:56 - INFO - reached user route
2024-05-15 20:43:56 - INFO - reached user route
2024-05-15 20:43:56 - INFO - reached user route
2024-05-15 20:43:56 - INFO - reached user route
2024-05-15 20:43:56 - INFO - reached user route
2024-05-15 20:43:56 - INFO - reached user route
2024-05-15 20:43:56 - INFO - reached user route
2024-05-15 20:43:56 - INFO - reached user route
2024-05-15 20:43:56 - INFO - reached user route
2024-05-15 20:43:56 - INFO - reached user route
2024-05-15 20:43:56 - INFO - reached user route
2024-05-15 20:43:56 - INFO - reached user route
2024-05-15 20:43:56 - INFO - reached user route
2024-05-15 20:43:56 - INFO - reached user route
2024-05-15 20:43:56 - INFO - reached user route
2024-05-15 20:43:56 - INFO - reached user route
2024-05-15 20:43:56 - INFO - reached user route
2024-05-15 20:43:56 - INFO - reached user route
2024-05-15 20:43:56 - INFO - reached user route
2024-05-15 20:43:56 - INFO - reached user route
2024-05-15 20:43:56 - INFO - reached user route
2024-05-15 20:43:56 - INFO - reached user route
2024-05-15 20:43:56 - INFO - reached user route
2024-05-15 20:43:56 - INFO - reached user route
2024-05-15 20:43:56 - INFO - reached user route
2024-05-15 20:43:56 - INFO - reached user route
2024-05-15 20:43:56 - INFO - reached user route
2024-05-15 20:43:56 - INFO - reached user route
2024-05-15 20:43:56 - INFO - reached user route
2024-05-15 20:43:56 - INFO - reached user route
2024-05-15 20:44:14 - INFO - connecting to the db
2024-05-15 20:44:14 - INFO - connected to the db
2024-05-15 20:44:15 - INFO - reached user route
2024-05-15 20:44:30 - INFO - connecting to the db
2024-05-15 20:44:30 - INFO - connected to the db
2024-05-15 20:44:31 - INFO - reached user route
2024-05-15 20:44:31 - INFO - reached user route
2024-05-15 20:44:40 - INFO - connecting to the db
2024-05-15 20:44:40 - INFO - connected to the db
2024-05-15 20:44:41 - INFO - reached user route
2024-05-15 20:44:47 - INFO - connecting to the db
2024-05-15 20:44:47 - INFO - connected to the db
2024-05-15 20:44:48 - INFO - reached user route
2024-05-15 20:45:14 - INFO - connecting to the db
2024-05-15 20:45:14 - INFO - connected to the db
2024-05-15 20:45:18 - INFO - connecting to the db
2024-05-15 20:45:19 - INFO - connected to the db
2024-05-15 20:45:20 - INFO - reached user route
2024-05-15 20:45:20 - INFO - reached user route
2024-05-15 20:46:43 - INFO - connecting to the db
2024-05-15 20:46:43 - INFO - connected to the db
2024-05-15 20:46:43 - INFO - reached user route
2024-05-15 20:46:44 - INFO - reached user route
2024-05-15 20:46:56 - INFO - connecting to the db
2024-05-15 20:46:56 - INFO - connected to the db
2024-05-15 20:46:59 - INFO - connecting to the db
2024-05-15 20:46:59 - INFO - connected to the db
2024-05-15 20:47:00 - INFO - reached user route
2024-05-15 20:47:12 - INFO - connecting to the db
2024-05-15 20:47:12 - INFO - connected to the db
2024-05-15 20:47:14 - INFO - reached user route
2024-05-15 20:47:14 - INFO - reached user route
2024-05-15 20:47:24 - INFO - connecting to the db
2024-05-15 20:47:24 - INFO - connected to the db
2024-05-15 20:47:24 - INFO - reached user route
2024-05-15 20:47:24 - INFO - reached user route
2024-05-15 20:47:31 - INFO - connecting to the db
2024-05-15 20:47:32 - INFO - connected to the db
2024-05-15 20:47:33 - INFO - reached user route
2024-05-15 20:48:06 - INFO - connecting to the db
2024-05-15 20:48:06 - INFO - connected to the db
2024-05-15 20:48:09 - INFO - connecting to the db
2024-05-15 20:48:09 - INFO - connected to the db
2024-05-15 20:48:11 - INFO - reached user route
2024-05-15 20:48:11 - INFO - reached user route
2024-05-15 20:48:45 - INFO - connecting to the db
2024-05-15 20:48:45 - INFO - connected to the db
2024-05-15 20:48:46 - INFO - reached user route
2024-05-15 20:48:46 - INFO - reached user route
2024-05-15 20:48:58 - INFO - connecting to the db
2024-05-15 20:48:58 - INFO - connected to the db
2024-05-15 20:48:59 - INFO - reached user route
2024-05-15 20:49:08 - INFO - connecting to the db
2024-05-15 20:49:08 - INFO - connected to the db
2024-05-15 20:49:10 - INFO - reached user route
2024-05-15 20:49:36 - INFO - connecting to the db
2024-05-15 20:49:36 - INFO - connected to the db
2024-05-15 20:49:56 - INFO - connecting to the db
2024-05-15 20:49:57 - INFO - connected to the db
2024-05-15 20:49:59 - INFO - reached user route
2024-05-15 20:49:59 - INFO - reached
2024-05-15 20:50:09 - INFO - connecting to the db
2024-05-15 20:50:09 - INFO - connected to the db
2024-05-15 20:50:10 - INFO - reached user route
2024-05-15 20:50:10 - INFO - reached
2024-05-15 20:50:19 - INFO - connecting to the db
2024-05-15 20:50:19 - INFO - connected to the db
2024-05-15 20:50:20 - INFO - reached user route
2024-05-15 20:50:31 - INFO - reached money route
2024-05-15 20:50:31 - INFO - reached send_money service
2024-05-15 20:50:31 - ERROR - Transaction failed: 'coroutine' object has no attribute 'execute_many'
2024-05-15 20:50:34 - INFO - reached user route
2024-05-15 20:50:45 - INFO - connecting to the db
2024-05-15 20:50:45 - INFO - connected to the db
2024-05-15 20:51:08 - INFO - reached money route
2024-05-15 20:51:08 - INFO - reached send_money service
2024-05-15 20:51:08 - ERROR - Transaction failed: 'coroutine' object has no attribute 'execute_many'
2024-05-15 20:52:23 - INFO - connecting to the db
2024-05-15 20:52:23 - INFO - connected to the db
2024-05-15 20:52:24 - INFO - reached money route
2024-05-15 20:52:24 - INFO - reached send_money service
2024-05-15 20:52:24 - ERROR - Transaction failed: 'coroutine' object has no attribute 'execute_many'
2024-05-15 20:54:22 - INFO - connecting to the db
2024-05-15 20:54:22 - INFO - connected to the db
2024-05-15 20:54:24 - INFO - reached money route
2024-05-15 20:54:24 - INFO - reached send_money service
2024-05-15 20:54:24 - ERROR - Transaction failed: 'coroutine' object has no attribute 'execute_many'
2024-05-16 11:04:49 - INFO - connecting to the db
2024-05-16 11:04:49 - INFO - connected to the db
2024-05-16 11:13:27 - INFO - connecting to the db
2024-05-16 11:13:27 - INFO - connected to the db
2024-05-16 11:26:40 - INFO - connecting to the db
2024-05-16 11:26:41 - INFO - connected to the db
2024-05-16 11:26:54 - INFO - connecting to the db
2024-05-16 11:26:59 - INFO - connected to the db
2024-05-16 11:27:22 - INFO - reached money route
2024-05-16 11:27:22 - INFO - reached send_money service
2024-05-16 11:27:22 - ERROR - Transaction failed: 'coroutine' object has no attribute 'execute_many'
2024-05-16 11:27:39 - INFO - connecting to the db
2024-05-16 11:27:39 - INFO - connected to the db
2024-05-16 11:27:41 - INFO - reached money route
2024-05-16 11:27:41 - INFO - reached send_money service
2024-05-16 11:27:41 - ERROR - Transaction failed: 'coroutine' object has no attribute 'execute_many'
2024-05-16 11:29:01 - INFO - connecting to the db
2024-05-16 11:29:01 - INFO - connected to the db
2024-05-16 11:29:03 - INFO - reached money route
2024-05-16 11:29:03 - INFO - reached send_money service
2024-05-16 11:29:13 - INFO - connecting to the db
2024-05-16 11:29:13 - INFO - connected to the db
2024-05-16 11:29:15 - INFO - reached money route
2024-05-16 11:29:15 - INFO - reached send_money service
2024-05-16 11:29:15 - INFO - [('UPDATE public."user" SET balance=$1', '86349'), ('UPDATE public."user" SET balance=$1', '64401')]
2024-05-16 11:29:30 - INFO - connecting to the db
2024-05-16 11:29:31 - INFO - connected to the db
2024-05-16 11:29:33 - INFO - reached money route
2024-05-16 11:29:33 - INFO - reached send_money service
2024-05-16 11:29:33 - INFO - [('UPDATE public."user" SET balance=$1', '86349'), ('UPDATE public."user" SET balance=$1', '64401')]
2024-05-16 11:29:33 - ERROR - Transaction failed: the server expects 1 argument for this query, 5 were passed
HINT:  Check the query against the passed list of arguments.
2024-05-16 11:29:40 - INFO - reached user route
2024-05-16 11:29:43 - INFO - reached money route
2024-05-16 11:29:43 - INFO - reached send_money service
2024-05-16 11:29:43 - INFO - [('UPDATE public."user" SET balance=$1', '86349'), ('UPDATE public."user" SET balance=$1', '64401')]
2024-05-16 11:29:43 - ERROR - Transaction failed: the server expects 1 argument for this query, 5 were passed
HINT:  Check the query against the passed list of arguments.
2024-05-16 11:29:47 - INFO - reached user route
2024-05-16 11:29:58 - INFO - connecting to the db
2024-05-16 11:29:58 - INFO - connected to the db
2024-05-16 11:30:03 - INFO - connecting to the db
2024-05-16 11:30:03 - INFO - connected to the db
2024-05-16 11:30:37 - INFO - connecting to the db
2024-05-16 11:30:37 - INFO - connected to the db
2024-05-16 11:30:39 - INFO - reached user route
2024-05-16 11:30:59 - INFO - connecting to the db
2024-05-16 11:31:00 - INFO - connected to the db
2024-05-16 11:31:03 - INFO - reached user route
2024-05-16 11:31:15 - INFO - reached money route
2024-05-16 11:31:15 - INFO - reached send_money service
2024-05-16 11:31:15 - INFO - [('UPDATE public."user" SET balance=$1', '86349'), ('UPDATE public."user" SET balance=$1', '64401')]
2024-05-16 11:31:15 - ERROR - Transaction failed: the server expects 1 argument for this query, 5 were passed
HINT:  Check the query against the passed list of arguments.
2024-05-16 11:32:28 - INFO - connecting to the db
2024-05-16 11:32:28 - INFO - connected to the db
2024-05-16 11:33:03 - INFO - connecting to the db
2024-05-16 11:33:04 - INFO - connected to the db
2024-05-16 11:33:14 - INFO - reached money route
2024-05-16 11:33:14 - INFO - reached send_money service
2024-05-16 11:33:14 - INFO - [('UPDATE public."user" SET balance=$1 WHERE userid=$2', ('86349', 'a2cfa30d7718ff051b42087233e4fd07')), ('UPDATE public."user" SET balance=$1 WHERE userid=$2', ('64401', '78e72c18ceed4f77961b273d41f1e8a9'))]
2024-05-16 11:33:24 - INFO - reached user route
2024-05-16 11:34:47 - INFO - connecting to the db
2024-05-16 11:34:47 - INFO - connected to the db
2024-05-16 11:34:51 - INFO - connecting to the db
2024-05-16 11:34:56 - INFO - connected to the db
2024-05-16 11:35:03 - INFO - reached money route
2024-05-16 11:35:03 - INFO - reached send_money service
2024-05-16 11:35:03 - INFO - insuffiscient balance
2024-05-16 11:35:24 - INFO - connecting to the db
2024-05-16 11:35:24 - INFO - connected to the db
2024-05-16 11:35:24 - INFO - reached money route
2024-05-16 11:35:24 - INFO - reached send_money service
2024-05-16 11:35:24 - INFO - insuffiscient balance
2024-05-16 11:35:41 - INFO - connecting to the db
2024-05-16 11:35:41 - INFO - connected to the db
2024-05-16 11:35:41 - INFO - reached money route
2024-05-16 11:35:41 - INFO - reached send_money service
2024-05-16 11:35:41 - INFO - insuffiscient balance
2024-05-16 11:35:59 - INFO - reached money route
2024-05-16 11:35:59 - INFO - reached send_money service
2024-05-16 11:35:59 - INFO - insuffiscient balance
2024-05-16 11:36:19 - INFO - connecting to the db
2024-05-16 11:36:20 - INFO - connected to the db
2024-05-16 11:36:22 - INFO - reached money route
2024-05-16 11:36:22 - INFO - reached send_money service
2024-05-16 11:36:22 - INFO - [('UPDATE public."user" SET balance=$1 WHERE userid=$2', ('86348', 'a2cfa30d7718ff051b42087233e4fd07')), ('UPDATE public."user" SET balance=$1 WHERE userid=$2', ('64402', '78e72c18ceed4f77961b273d41f1e8a9'))]
2024-05-16 11:36:41 - INFO - connecting to the db
2024-05-16 11:36:41 - INFO - connected to the db
2024-05-16 11:36:47 - INFO - connecting to the db
2024-05-16 11:36:48 - INFO - connected to the db
2024-05-16 11:37:00 - INFO - connecting to the db
2024-05-16 11:37:01 - INFO - connected to the db
2024-05-16 11:37:12 - INFO - reached money route
2024-05-16 11:37:12 - INFO - [('UPDATE public."user" SET balance=$1 WHERE userid=$2', ('86347', 'a2cfa30d7718ff051b42087233e4fd07')), ('UPDATE public."user" SET balance=$1 WHERE userid=$2', ('64403', '78e72c18ceed4f77961b273d41f1e8a9'))]
2024-05-16 11:37:50 - INFO - connecting to the db
2024-05-16 11:37:50 - INFO - connected to the db
2024-05-16 11:38:16 - INFO - connecting to the db
2024-05-16 11:38:16 - INFO - connected to the db
2024-05-16 11:38:32 - INFO - connecting to the db
2024-05-16 11:38:32 - INFO - connected to the db
2024-05-16 11:38:36 - INFO - reached money route
2024-05-16 11:38:36 - INFO - [('UPDATE public."user" SET balance=$1 WHERE userid=$2', ('86346', 'a2cfa30d7718ff051b42087233e4fd07')), ('UPDATE public."user" SET balance=$1 WHERE userid=$2', ('64404', '78e72c18ceed4f77961b273d41f1e8a9'))]
2024-05-16 11:38:54 - INFO - connecting to the db
2024-05-16 11:38:55 - INFO - connected to the db
2024-05-16 11:39:25 - INFO - connecting to the db
2024-05-16 11:39:25 - INFO - connected to the db
2024-05-16 11:40:23 - INFO - connecting to the db
2024-05-16 11:40:24 - INFO - connected to the db
2024-05-16 11:40:26 - INFO - [('UPDATE public."user" SET balance=$1 WHERE userid=$2', ('86345', 'a2cfa30d7718ff051b42087233e4fd07')), ('UPDATE public."user" SET balance=$1 WHERE userid=$2', ('64405', '78e72c18ceed4f77961b273d41f1e8a9'))]
2024-05-16 11:40:31 - INFO - reached user route
2024-05-16 11:40:41 - INFO - connecting to the db
2024-05-16 11:40:41 - INFO - connected to the db
2024-05-16 11:40:42 - INFO - connecting to the db
2024-05-16 11:40:42 - INFO - connected to the db
2024-05-16 11:42:09 - INFO - connecting to the db
2024-05-16 11:42:20 - INFO - connecting to the db
2024-05-16 11:42:20 - INFO - connected to the db
2024-05-16 11:42:34 - INFO - connecting to the db
2024-05-16 11:42:34 - INFO - connected to the db
2024-05-16 11:42:59 - INFO - [('UPDATE public."user" SET balance=$1 WHERE userid=$2', ('86344', 'a2cfa30d7718ff051b42087233e4fd07')), ('UPDATE public."user" SET balance=$1 WHERE userid=$2', ('64406', '78e72c18ceed4f77961b273d41f1e8a9'))]
2024-05-16 12:04:08 - INFO - connecting to the db
2024-05-16 12:04:08 - INFO - connected to the db
2024-05-16 12:04:12 - INFO - [('UPDATE public."user" SET balance=$1 WHERE userid=$2', ('86343', 'a2cfa30d7718ff051b42087233e4fd07')), ('UPDATE public."user" SET balance=$1 WHERE userid=$2', ('64407', '78e72c18ceed4f77961b273d41f1e8a9'))]
2024-05-16 13:32:22 - INFO - connecting to the db
2024-05-16 13:32:26 - INFO - connected to the db
2024-05-16 13:33:27 - INFO - connecting to the db
2024-05-16 13:33:27 - INFO - connected to the db
2024-05-16 13:36:39 - INFO - reached user route
2024-05-16 13:37:50 - INFO - connecting to the db
2024-05-16 13:37:51 - INFO - connected to the db
2024-05-16 13:37:58 - INFO - reached user route
2024-05-16 13:38:22 - INFO - [('UPDATE public."user" SET balance=$1 WHERE userid=$2', ('86342', 'a2cfa30d7718ff051b42087233e4fd07')), ('UPDATE public."user" SET balance=$1 WHERE userid=$2', ('64408', '78e72c18ceed4f77961b273d41f1e8a9'))]
2024-05-16 14:28:30 - INFO - connecting to the db
2024-05-16 14:28:30 - INFO - connected to the db
2024-05-16 14:29:52 - INFO - [('UPDATE public."user" SET balance=$1 WHERE userid=$2', ('86342', 'a2cfa30d7718ff051b42087233e4fd07')), ('UPDATE public."user" SET balance=$1 WHERE userid=$2', ('64408', '78e72c18ceed4f77961b273d41f1e8a9'))]
2024-05-16 14:29:55 - INFO - reached user route
2024-05-16 14:30:14 - INFO - [('UPDATE public."user" SET balance=$1 WHERE userid=$2', ('86341', 'a2cfa30d7718ff051b42087233e4fd07')), ('UPDATE public."user" SET balance=$1 WHERE userid=$2', ('64409', '78e72c18ceed4f77961b273d41f1e8a9'))]
2024-05-16 14:31:19 - INFO - connecting to the db
2024-05-16 14:32:10 - INFO - connecting to the db
2024-05-16 14:32:11 - INFO - connected to the db
2024-05-16 14:32:14 - INFO - reached user route
2024-05-16 14:32:15 - INFO - reached user route
2024-05-16 14:32:19 - INFO - [('UPDATE public."user" SET balance=$1 WHERE userid=$2', ('86341', 'a2cfa30d7718ff051b42087233e4fd07')), ('UPDATE public."user" SET balance=$1 WHERE userid=$2', ('64409', '78e72c18ceed4f77961b273d41f1e8a9'))]
2024-05-16 14:32:23 - INFO - [('UPDATE public."user" SET balance=$1 WHERE userid=$2', ('-9913659', 'a2cfa30d7718ff051b42087233e4fd07')), ('UPDATE public."user" SET balance=$1 WHERE userid=$2', ('10064409', '78e72c18ceed4f77961b273d41f1e8a9'))]
2024-05-16 14:32:29 - INFO - reached user route
2024-05-16 14:33:24 - INFO - insuffiscient balance
2024-05-16 14:33:54 - INFO - insuffiscient balance
2024-05-16 14:34:24 - INFO - connecting to the db
2024-05-16 14:34:24 - INFO - connected to the db
2024-05-16 14:34:27 - INFO - insuffiscient balance
2024-05-16 14:34:44 - INFO - connecting to the db
2024-05-16 14:34:45 - INFO - connected to the db
2024-05-16 14:34:51 - INFO - connecting to the db
2024-05-16 14:34:51 - INFO - connected to the db
2024-05-16 14:36:04 - INFO - connecting to the db
2024-05-16 14:36:04 - INFO - connected to the db
2024-05-16 14:36:15 - INFO - connecting to the db
2024-05-16 14:36:15 - INFO - connected to the db
2024-05-16 14:36:22 - INFO - connecting to the db
2024-05-16 14:36:23 - INFO - connected to the db
2024-05-16 14:37:01 - INFO - connecting to the db
2024-05-16 14:37:02 - INFO - connected to the db
2024-05-16 14:37:46 - INFO - connecting to the db
2024-05-16 14:37:46 - INFO - connected to the db
2024-05-16 14:38:02 - INFO - insuffiscient balance
2024-05-16 14:38:22 - INFO - connecting to the db
2024-05-16 14:38:22 - INFO - connected to the db
2024-05-16 14:38:24 - INFO - insuffiscient balance
2024-05-16 14:39:57 - INFO - connecting to the db
2024-05-16 14:39:57 - INFO - connected to the db
2024-05-16 14:40:18 - INFO - connecting to the db
2024-05-16 14:40:18 - INFO - connected to the db
2024-05-16 14:40:22 - INFO - [('UPDATE public."user" SET balance=$1 WHERE userid=$2', ('74674', '1146574c22ba77f7770243662481b15c')), ('UPDATE public."user" SET balance=$1 WHERE userid=$2', ('10064410', '78e72c18ceed4f77961b273d41f1e8a9'))]
2024-05-16 14:41:24 - INFO - connecting to the db
2024-05-16 14:41:24 - INFO - connected to the db
2024-05-16 14:41:42 - INFO - connecting to the db
2024-05-16 14:41:43 - INFO - connected to the db
2024-05-16 14:41:47 - INFO - [('UPDATE public."user" SET balance=$1 WHERE userid=$2', ('74574', '1146574c22ba77f7770243662481b15c')), ('UPDATE public."user" SET balance=$1 WHERE userid=$2', ('10064510', '78e72c18ceed4f77961b273d41f1e8a9'))]
2024-05-16 14:42:00 - INFO - connecting to the db
2024-05-16 14:42:01 - INFO - connected to the db
2024-06-05 16:28:29 - INFO - connecting to the db
2024-06-05 16:28:30 - INFO - connected to the db
2024-06-05 16:28:53 - INFO - connecting to the db
2024-06-05 16:28:53 - INFO - connected to the db
2024-06-05 16:29:47 - INFO - connecting to the db
2024-06-05 16:29:47 - INFO - connected to the db
2024-06-05 16:30:03 - INFO - connecting to the db
2024-06-05 16:30:03 - INFO - connected to the db
2024-06-05 16:30:23 - INFO - connecting to the db
2024-06-05 16:30:23 - INFO - connected to the db
